<?xml version="1.0" encoding="UTF-8"?>
<testng-results ignored="0" total="2" passed="2" failed="0" skipped="0">
  <reporter-output>
  </reporter-output>
  <suite started-at="2022-08-14T20:24:28 PKT" name="Suite" finished-at="2022-08-14T20:24:28 PKT" duration-ms="35">
    <groups>
    </groups>
    <test started-at="2022-08-14T20:24:28 PKT" name="Test" finished-at="2022-08-14T20:24:28 PKT" duration-ms="35">
      <class name="Configurations.AnnoationsConfigurations">
        <test-method is-config="true" signature="beforeSuite()[pri:0, instance:Configurations.AnnoationsConfigurations@6bedbc4d]" started-at="2022-08-14T20:24:28 PKT" name="beforeSuite" finished-at="2022-08-14T20:24:28 PKT" duration-ms="6" status="PASS">
          <reporter-output>
          </reporter-output>
        </test-method> <!-- beforeSuite -->
        <test-method is-config="true" signature="beforeTest()[pri:0, instance:Configurations.AnnoationsConfigurations@6bedbc4d]" started-at="2022-08-14T20:24:28 PKT" name="beforeTest" finished-at="2022-08-14T20:24:28 PKT" duration-ms="0" status="PASS">
          <reporter-output>
          </reporter-output>
        </test-method> <!-- beforeTest -->
        <test-method is-config="true" signature="beforeClass()[pri:0, instance:Configurations.AnnoationsConfigurations@6bedbc4d]" started-at="2022-08-14T20:24:28 PKT" name="beforeClass" finished-at="2022-08-14T20:24:28 PKT" duration-ms="1" status="PASS">
          <reporter-output>
          </reporter-output>
        </test-method> <!-- beforeClass -->
        <test-method is-config="true" signature="beforeMethod()[pri:0, instance:Configurations.AnnoationsConfigurations@6bedbc4d]" started-at="2022-08-14T20:24:28 PKT" name="beforeMethod" finished-at="2022-08-14T20:24:28 PKT" duration-ms="0" status="PASS">
          <reporter-output>
          </reporter-output>
        </test-method> <!-- beforeMethod -->
        <test-method signature="searchCustomer()[pri:0, instance:Configurations.AnnoationsConfigurations@6bedbc4d]" started-at="2022-08-14T20:24:28 PKT" name="searchCustomer" finished-at="2022-08-14T20:24:28 PKT" duration-ms="3" status="PASS">
          <reporter-output>
          </reporter-output>
        </test-method> <!-- searchCustomer -->
        <test-method is-config="true" signature="afterMethod()[pri:0, instance:Configurations.AnnoationsConfigurations@6bedbc4d]" started-at="2022-08-14T20:24:28 PKT" name="afterMethod" finished-at="2022-08-14T20:24:28 PKT" duration-ms="0" status="PASS">
          <reporter-output>
          </reporter-output>
        </test-method> <!-- afterMethod -->
        <test-method is-config="true" signature="beforeMethod()[pri:0, instance:Configurations.AnnoationsConfigurations@6bedbc4d]" started-at="2022-08-14T20:24:28 PKT" name="beforeMethod" finished-at="2022-08-14T20:24:28 PKT" duration-ms="0" status="PASS">
          <reporter-output>
          </reporter-output>
        </test-method> <!-- beforeMethod -->
        <test-method signature="searchProduct()[pri:0, instance:Configurations.AnnoationsConfigurations@6bedbc4d]" started-at="2022-08-14T20:24:28 PKT" name="searchProduct" finished-at="2022-08-14T20:24:28 PKT" duration-ms="0" status="PASS">
          <reporter-output>
          </reporter-output>
        </test-method> <!-- searchProduct -->
        <test-method is-config="true" signature="afterMethod()[pri:0, instance:Configurations.AnnoationsConfigurations@6bedbc4d]" started-at="2022-08-14T20:24:28 PKT" name="afterMethod" finished-at="2022-08-14T20:24:28 PKT" duration-ms="0" status="PASS">
          <reporter-output>
          </reporter-output>
        </test-method> <!-- afterMethod -->
        <test-method is-config="true" signature="afterClass()[pri:0, instance:Configurations.AnnoationsConfigurations@6bedbc4d]" started-at="2022-08-14T20:24:28 PKT" name="afterClass" finished-at="2022-08-14T20:24:28 PKT" duration-ms="0" status="PASS">
          <reporter-output>
          </reporter-output>
        </test-method> <!-- afterClass -->
        <test-method is-config="true" signature="afterTest()[pri:0, instance:Configurations.AnnoationsConfigurations@6bedbc4d]" started-at="2022-08-14T20:24:28 PKT" name="afterTest" finished-at="2022-08-14T20:24:28 PKT" duration-ms="1" status="PASS">
          <reporter-output>
          </reporter-output>
        </test-method> <!-- afterTest -->
        <test-method is-config="true" signature="afterSuite()[pri:0, instance:Configurations.AnnoationsConfigurations@6bedbc4d]" started-at="2022-08-14T20:24:28 PKT" name="afterSuite" finished-at="2022-08-14T20:24:28 PKT" duration-ms="0" status="PASS">
          <reporter-output>
          </reporter-output>
        </test-method> <!-- afterSuite -->
      </class> <!-- Configurations.AnnoationsConfigurations -->
    </test> <!-- Test -->
  </suite> <!-- Suite -->
</testng-results>
